[0.008s] Invoking command in '/home/andux/Depth-Estimation-Algoritm-with-Stereo-Camera/build/stereo_depth_estimator': CMAKE_PREFIX_PATH=${CMAKE_PREFIX_PATH}:/opt/ros/jazzy /usr/bin/cmake /home/andux/Depth-Estimation-Algoritm-with-Stereo-Camera/src/stereo_depth_estimator -DAMENT_CMAKE_SYMLINK_INSTALL=1 -DCMAKE_INSTALL_PREFIX=/home/andux/Depth-Estimation-Algoritm-with-Stereo-Camera/install/stereo_depth_estimator
[0.234s] -- The C compiler identification is GNU 13.3.0
[0.956s] -- The CXX compiler identification is GNU 13.3.0
[1.731s] -- Detecting C compiler ABI info
[2.047s] -- Detecting C compiler ABI info - done
[2.054s] -- Check for working C compiler: /usr/bin/cc - skipped
[2.054s] -- Detecting C compile features
[2.055s] -- Detecting C compile features - done
[2.154s] -- Detecting CXX compiler ABI info
[2.447s] -- Detecting CXX compiler ABI info - done
[2.454s] -- Check for working CXX compiler: /usr/bin/c++ - skipped
[2.454s] -- Detecting CXX compile features
[2.454s] -- Detecting CXX compile features - done
[2.468s] -- Found ament_cmake: 2.5.6 (/opt/ros/jazzy/share/ament_cmake/cmake)
[2.602s] -- Found Python3: /usr/bin/python3 (found version "3.12.3") found components: Interpreter 
[2.679s] -- Override CMake install command with custom implementation using symlinks instead of copying resources
[2.730s] -- Found rclcpp: 28.1.18 (/opt/ros/jazzy/share/rclcpp/cmake)
[2.913s] -- Found rosidl_generator_c: 4.6.7 (/opt/ros/jazzy/share/rosidl_generator_c/cmake)
[2.931s] -- Found rosidl_generator_cpp: 4.6.7 (/opt/ros/jazzy/share/rosidl_generator_cpp/cmake)
[2.954s] -- Using all available rosidl_typesupport_c: rosidl_typesupport_fastrtps_c;rosidl_typesupport_introspection_c
[2.979s] -- Using all available rosidl_typesupport_cpp: rosidl_typesupport_fastrtps_cpp;rosidl_typesupport_introspection_cpp
[3.084s] -- Found rmw_implementation_cmake: 7.3.3 (/opt/ros/jazzy/share/rmw_implementation_cmake/cmake)
[3.089s] -- Found rmw_fastrtps_cpp: 8.4.3 (/opt/ros/jazzy/share/rmw_fastrtps_cpp/cmake)
[3.197s] -- Found OpenSSL: /usr/lib/x86_64-linux-gnu/libcrypto.so (found version "3.0.13")  
[3.475s] -- Found FastRTPS: /opt/ros/jazzy/include (Required is at least version "2.13") 
[3.593s] -- Using RMW implementation 'rmw_fastrtps_cpp' as default
[3.844s] -- Found sensor_msgs: 5.3.7 (/opt/ros/jazzy/share/sensor_msgs/cmake)
[3.918s] -- Found message_filters: 4.11.12 (/opt/ros/jazzy/share/message_filters/cmake)
[3.928s] -- Found cv_bridge: 4.1.0 (/opt/ros/jazzy/share/cv_bridge/cmake)
[3.944s] -- Found image_transport: 5.1.7 (/opt/ros/jazzy/share/image_transport/cmake)
[3.968s] -- Found ament_lint_auto: 0.17.5 (/opt/ros/jazzy/share/ament_lint_auto/cmake)
[4.066s] -- Added test 'cppcheck' to perform static code analysis on C / C++ code
[4.066s] -- Configured cppcheck include dirs: 
[4.066s] -- Configured cppcheck exclude dirs and/or files: 
[4.068s] -- Added test 'lint_cmake' to check CMake code style
[4.069s] -- Added test 'uncrustify' to check C / C++ code style
[4.069s] -- Configured uncrustify additional arguments: 
[4.070s] -- Added test 'xmllint' to check XML markup files
[4.073s] -- Configuring done (4.1s)
[4.079s] -- Generating done (0.0s)
[4.082s] -- Build files have been written to: /home/andux/Depth-Estimation-Algoritm-with-Stereo-Camera/build/stereo_depth_estimator
[4.090s] Invoked command in '/home/andux/Depth-Estimation-Algoritm-with-Stereo-Camera/build/stereo_depth_estimator' returned '0': CMAKE_PREFIX_PATH=${CMAKE_PREFIX_PATH}:/opt/ros/jazzy /usr/bin/cmake /home/andux/Depth-Estimation-Algoritm-with-Stereo-Camera/src/stereo_depth_estimator -DAMENT_CMAKE_SYMLINK_INSTALL=1 -DCMAKE_INSTALL_PREFIX=/home/andux/Depth-Estimation-Algoritm-with-Stereo-Camera/install/stereo_depth_estimator
[4.092s] Invoking command in '/home/andux/Depth-Estimation-Algoritm-with-Stereo-Camera/build/stereo_depth_estimator': CMAKE_PREFIX_PATH=${CMAKE_PREFIX_PATH}:/opt/ros/jazzy /usr/bin/cmake --build /home/andux/Depth-Estimation-Algoritm-with-Stereo-Camera/build/stereo_depth_estimator -- -j4 -l4
[4.128s] Invoked command in '/home/andux/Depth-Estimation-Algoritm-with-Stereo-Camera/build/stereo_depth_estimator' returned '0': CMAKE_PREFIX_PATH=${CMAKE_PREFIX_PATH}:/opt/ros/jazzy /usr/bin/cmake --build /home/andux/Depth-Estimation-Algoritm-with-Stereo-Camera/build/stereo_depth_estimator -- -j4 -l4
[4.137s] Invoking command in '/home/andux/Depth-Estimation-Algoritm-with-Stereo-Camera/build/stereo_depth_estimator': CMAKE_PREFIX_PATH=${CMAKE_PREFIX_PATH}:/opt/ros/jazzy /usr/bin/cmake --install /home/andux/Depth-Estimation-Algoritm-with-Stereo-Camera/build/stereo_depth_estimator
[4.143s] -- Install configuration: ""
[4.143s] -- Execute custom install script
[4.144s] -- Symlinking: /home/andux/Depth-Estimation-Algoritm-with-Stereo-Camera/install/stereo_depth_estimator/share/ament_index/resource_index/package_run_dependencies/stereo_depth_estimator
[4.151s] -- Symlinking: /home/andux/Depth-Estimation-Algoritm-with-Stereo-Camera/install/stereo_depth_estimator/share/ament_index/resource_index/parent_prefix_path/stereo_depth_estimator
[4.158s] -- Symlinking: /home/andux/Depth-Estimation-Algoritm-with-Stereo-Camera/install/stereo_depth_estimator/share/stereo_depth_estimator/environment/ament_prefix_path.sh
[4.166s] -- Symlinking: /home/andux/Depth-Estimation-Algoritm-with-Stereo-Camera/install/stereo_depth_estimator/share/stereo_depth_estimator/environment/ament_prefix_path.dsv
[4.173s] -- Symlinking: /home/andux/Depth-Estimation-Algoritm-with-Stereo-Camera/install/stereo_depth_estimator/share/stereo_depth_estimator/environment/path.sh
[4.180s] -- Symlinking: /home/andux/Depth-Estimation-Algoritm-with-Stereo-Camera/install/stereo_depth_estimator/share/stereo_depth_estimator/environment/path.dsv
[4.187s] -- Symlinking: /home/andux/Depth-Estimation-Algoritm-with-Stereo-Camera/install/stereo_depth_estimator/share/stereo_depth_estimator/local_setup.bash
[4.194s] -- Symlinking: /home/andux/Depth-Estimation-Algoritm-with-Stereo-Camera/install/stereo_depth_estimator/share/stereo_depth_estimator/local_setup.sh
[4.201s] -- Symlinking: /home/andux/Depth-Estimation-Algoritm-with-Stereo-Camera/install/stereo_depth_estimator/share/stereo_depth_estimator/local_setup.zsh
[4.208s] -- Symlinking: /home/andux/Depth-Estimation-Algoritm-with-Stereo-Camera/install/stereo_depth_estimator/share/stereo_depth_estimator/local_setup.dsv
[4.215s] -- Symlinking: /home/andux/Depth-Estimation-Algoritm-with-Stereo-Camera/install/stereo_depth_estimator/share/stereo_depth_estimator/package.dsv
[4.223s] -- Symlinking: /home/andux/Depth-Estimation-Algoritm-with-Stereo-Camera/install/stereo_depth_estimator/share/ament_index/resource_index/packages/stereo_depth_estimator
[4.233s] -- Symlinking: /home/andux/Depth-Estimation-Algoritm-with-Stereo-Camera/install/stereo_depth_estimator/share/stereo_depth_estimator/cmake/stereo_depth_estimatorConfig.cmake
[4.241s] -- Symlinking: /home/andux/Depth-Estimation-Algoritm-with-Stereo-Camera/install/stereo_depth_estimator/share/stereo_depth_estimator/cmake/stereo_depth_estimatorConfig-version.cmake
[4.248s] -- Symlinking: /home/andux/Depth-Estimation-Algoritm-with-Stereo-Camera/install/stereo_depth_estimator/share/stereo_depth_estimator/package.xml
[4.256s] Invoked command in '/home/andux/Depth-Estimation-Algoritm-with-Stereo-Camera/build/stereo_depth_estimator' returned '0': CMAKE_PREFIX_PATH=${CMAKE_PREFIX_PATH}:/opt/ros/jazzy /usr/bin/cmake --install /home/andux/Depth-Estimation-Algoritm-with-Stereo-Camera/build/stereo_depth_estimator
