[0.175s] DEBUG:colcon:Command line arguments: ['/usr/bin/colcon', 'build', '--packages-select', 'stereo_depth_estimator', '--symlink-install']
[0.175s] DEBUG:colcon:Parsed command line arguments: Namespace(log_base=None, log_level=None, verb_name='build', build_base='build', install_base='install', merge_install=False, symlink_install=True, test_result_base=None, continue_on_error=False, executor='parallel', parallel_workers=4, event_handlers=None, ignore_user_meta=False, metas=['./colcon.meta'], base_paths=['.'], packages_ignore=None, packages_ignore_regex=None, paths=None, packages_up_to=None, packages_up_to_regex=None, packages_above=None, packages_above_and_dependencies=None, packages_above_depth=None, packages_select_by_dep=None, packages_skip_by_dep=None, packages_skip_up_to=None, packages_select_build_failed=False, packages_skip_build_finished=False, packages_select_test_failures=False, packages_skip_test_passed=False, packages_select=['stereo_depth_estimator'], packages_skip=None, packages_select_regex=None, packages_skip_regex=None, packages_start=None, packages_end=None, allow_overriding=[], cmake_args=None, cmake_target=None, cmake_target_skip_unavailable=False, cmake_clean_cache=False, cmake_clean_first=False, cmake_force_configure=False, ament_cmake_args=None, catkin_cmake_args=None, catkin_skip_building_tests=False, verb_parser=<colcon_defaults.argument_parser.defaults.DefaultArgumentsDecorator object at 0x7a4b52f16a80>, verb_extension=<colcon_core.verb.build.BuildVerb object at 0x7a4b5306f320>, main=<bound method BuildVerb.main of <colcon_core.verb.build.BuildVerb object at 0x7a4b5306f320>>)
[0.205s] Level 1:colcon.colcon_core.package_discovery:discover_packages(colcon_meta) check parameters
[0.205s] Level 1:colcon.colcon_core.package_discovery:discover_packages(recursive) check parameters
[0.205s] Level 1:colcon.colcon_core.package_discovery:discover_packages(ignore) check parameters
[0.205s] Level 1:colcon.colcon_core.package_discovery:discover_packages(path) check parameters
[0.205s] Level 1:colcon.colcon_core.package_discovery:discover_packages(colcon_meta) discover
[0.205s] Level 1:colcon.colcon_core.package_discovery:discover_packages(recursive) discover
[0.205s] INFO:colcon.colcon_core.package_discovery:Crawling recursively for packages in '/home/andux/Depth-Estimation-Algoritm-with-Stereo-Camera'
[0.206s] Level 1:colcon.colcon_core.package_identification:_identify(.) by extensions ['ignore', 'ignore_ament_install']
[0.206s] Level 1:colcon.colcon_core.package_identification:_identify(.) by extension 'ignore'
[0.206s] Level 1:colcon.colcon_core.package_identification:_identify(.) by extension 'ignore_ament_install'
[0.206s] Level 1:colcon.colcon_core.package_identification:_identify(.) by extensions ['colcon_pkg']
[0.206s] Level 1:colcon.colcon_core.package_identification:_identify(.) by extension 'colcon_pkg'
[0.206s] Level 1:colcon.colcon_core.package_identification:_identify(.) by extensions ['colcon_meta']
[0.206s] Level 1:colcon.colcon_core.package_identification:_identify(.) by extension 'colcon_meta'
[0.206s] Level 1:colcon.colcon_core.package_identification:_identify(.) by extensions ['ros']
[0.206s] Level 1:colcon.colcon_core.package_identification:_identify(.) by extension 'ros'
[0.227s] Level 1:colcon.colcon_core.package_identification:_identify(.) by extensions ['cmake', 'python']
[0.228s] Level 1:colcon.colcon_core.package_identification:_identify(.) by extension 'cmake'
[0.228s] Level 1:colcon.colcon_core.package_identification:_identify(.) by extension 'python'
[0.228s] Level 1:colcon.colcon_core.package_identification:_identify(.) by extensions ['python_setup_py']
[0.228s] Level 1:colcon.colcon_core.package_identification:_identify(.) by extension 'python_setup_py'
[0.228s] Level 1:colcon.colcon_core.package_identification:_identify(build) by extensions ['ignore', 'ignore_ament_install']
[0.228s] Level 1:colcon.colcon_core.package_identification:_identify(build) by extension 'ignore'
[0.228s] Level 1:colcon.colcon_core.package_identification:_identify(build) ignored
[0.228s] Level 1:colcon.colcon_core.package_identification:_identify(install) by extensions ['ignore', 'ignore_ament_install']
[0.228s] Level 1:colcon.colcon_core.package_identification:_identify(install) by extension 'ignore'
[0.228s] Level 1:colcon.colcon_core.package_identification:_identify(install) ignored
[0.228s] Level 1:colcon.colcon_core.package_identification:_identify(log) by extensions ['ignore', 'ignore_ament_install']
[0.228s] Level 1:colcon.colcon_core.package_identification:_identify(log) by extension 'ignore'
[0.228s] Level 1:colcon.colcon_core.package_identification:_identify(log) ignored
[0.229s] Level 1:colcon.colcon_core.package_identification:_identify(src) by extensions ['ignore', 'ignore_ament_install']
[0.229s] Level 1:colcon.colcon_core.package_identification:_identify(src) by extension 'ignore'
[0.229s] Level 1:colcon.colcon_core.package_identification:_identify(src) by extension 'ignore_ament_install'
[0.229s] Level 1:colcon.colcon_core.package_identification:_identify(src) by extensions ['colcon_pkg']
[0.229s] Level 1:colcon.colcon_core.package_identification:_identify(src) by extension 'colcon_pkg'
[0.229s] Level 1:colcon.colcon_core.package_identification:_identify(src) by extensions ['colcon_meta']
[0.229s] Level 1:colcon.colcon_core.package_identification:_identify(src) by extension 'colcon_meta'
[0.229s] Level 1:colcon.colcon_core.package_identification:_identify(src) by extensions ['ros']
[0.229s] Level 1:colcon.colcon_core.package_identification:_identify(src) by extension 'ros'
[0.229s] Level 1:colcon.colcon_core.package_identification:_identify(src) by extensions ['cmake', 'python']
[0.229s] Level 1:colcon.colcon_core.package_identification:_identify(src) by extension 'cmake'
[0.229s] Level 1:colcon.colcon_core.package_identification:_identify(src) by extension 'python'
[0.229s] Level 1:colcon.colcon_core.package_identification:_identify(src) by extensions ['python_setup_py']
[0.229s] Level 1:colcon.colcon_core.package_identification:_identify(src) by extension 'python_setup_py'
[0.229s] Level 1:colcon.colcon_core.package_identification:_identify(src/stereo_depth_estimator) by extensions ['ignore', 'ignore_ament_install']
[0.229s] Level 1:colcon.colcon_core.package_identification:_identify(src/stereo_depth_estimator) by extension 'ignore'
[0.229s] Level 1:colcon.colcon_core.package_identification:_identify(src/stereo_depth_estimator) by extension 'ignore_ament_install'
[0.229s] Level 1:colcon.colcon_core.package_identification:_identify(src/stereo_depth_estimator) by extensions ['colcon_pkg']
[0.229s] Level 1:colcon.colcon_core.package_identification:_identify(src/stereo_depth_estimator) by extension 'colcon_pkg'
[0.229s] Level 1:colcon.colcon_core.package_identification:_identify(src/stereo_depth_estimator) by extensions ['colcon_meta']
[0.230s] Level 1:colcon.colcon_core.package_identification:_identify(src/stereo_depth_estimator) by extension 'colcon_meta'
[0.230s] Level 1:colcon.colcon_core.package_identification:_identify(src/stereo_depth_estimator) by extensions ['ros']
[0.230s] Level 1:colcon.colcon_core.package_identification:_identify(src/stereo_depth_estimator) by extension 'ros'
[0.232s] DEBUG:colcon.colcon_core.package_identification:Package 'src/stereo_depth_estimator' with type 'ros.ament_cmake' and name 'stereo_depth_estimator'
[0.232s] Level 1:colcon.colcon_core.package_discovery:discover_packages(recursive) using defaults
[0.232s] Level 1:colcon.colcon_core.package_discovery:discover_packages(ignore) discover
[0.232s] Level 1:colcon.colcon_core.package_discovery:discover_packages(ignore) using defaults
[0.232s] Level 1:colcon.colcon_core.package_discovery:discover_packages(path) discover
[0.232s] Level 1:colcon.colcon_core.package_discovery:discover_packages(path) using defaults
[0.245s] Level 1:colcon.colcon_core.package_discovery:discover_packages(prefix_path) check parameters
[0.245s] Level 1:colcon.colcon_core.package_discovery:discover_packages(prefix_path) discover
[0.246s] DEBUG:colcon.colcon_installed_package_information.package_discovery:Found 1 installed packages in /home/andux/Depth-Estimation-Algoritm-with-Stereo-Camera/install
[0.247s] DEBUG:colcon.colcon_installed_package_information.package_discovery:Found 319 installed packages in /opt/ros/jazzy
[0.248s] Level 1:colcon.colcon_core.package_discovery:discover_packages(prefix_path) using defaults
[0.278s] Level 5:colcon.colcon_core.verb:set package 'stereo_depth_estimator' build argument 'cmake_args' from command line to 'None'
[0.278s] Level 5:colcon.colcon_core.verb:set package 'stereo_depth_estimator' build argument 'cmake_target' from command line to 'None'
[0.278s] Level 5:colcon.colcon_core.verb:set package 'stereo_depth_estimator' build argument 'cmake_target_skip_unavailable' from command line to 'False'
[0.278s] Level 5:colcon.colcon_core.verb:set package 'stereo_depth_estimator' build argument 'cmake_clean_cache' from command line to 'False'
[0.278s] Level 5:colcon.colcon_core.verb:set package 'stereo_depth_estimator' build argument 'cmake_clean_first' from command line to 'False'
[0.278s] Level 5:colcon.colcon_core.verb:set package 'stereo_depth_estimator' build argument 'cmake_force_configure' from command line to 'False'
[0.278s] Level 5:colcon.colcon_core.verb:set package 'stereo_depth_estimator' build argument 'ament_cmake_args' from command line to 'None'
[0.278s] Level 5:colcon.colcon_core.verb:set package 'stereo_depth_estimator' build argument 'catkin_cmake_args' from command line to 'None'
[0.278s] Level 5:colcon.colcon_core.verb:set package 'stereo_depth_estimator' build argument 'catkin_skip_building_tests' from command line to 'False'
[0.278s] DEBUG:colcon.colcon_core.verb:Building package 'stereo_depth_estimator' with the following arguments: {'ament_cmake_args': None, 'build_base': '/home/andux/Depth-Estimation-Algoritm-with-Stereo-Camera/build/stereo_depth_estimator', 'catkin_cmake_args': None, 'catkin_skip_building_tests': False, 'cmake_args': None, 'cmake_clean_cache': False, 'cmake_clean_first': False, 'cmake_force_configure': False, 'cmake_target': None, 'cmake_target_skip_unavailable': False, 'install_base': '/home/andux/Depth-Estimation-Algoritm-with-Stereo-Camera/install/stereo_depth_estimator', 'merge_install': False, 'path': '/home/andux/Depth-Estimation-Algoritm-with-Stereo-Camera/src/stereo_depth_estimator', 'symlink_install': True, 'test_result_base': None}
[0.278s] INFO:colcon.colcon_core.executor:Executing jobs using 'parallel' executor
[0.279s] DEBUG:colcon.colcon_parallel_executor.executor.parallel:run_until_complete
[0.279s] INFO:colcon.colcon_ros.task.ament_cmake.build:Building ROS package in '/home/andux/Depth-Estimation-Algoritm-with-Stereo-Camera/src/stereo_depth_estimator' with build type 'ament_cmake'
[0.279s] INFO:colcon.colcon_cmake.task.cmake.build:Building CMake package in '/home/andux/Depth-Estimation-Algoritm-with-Stereo-Camera/src/stereo_depth_estimator'
[0.281s] INFO:colcon.colcon_core.plugin_system:Skipping extension 'colcon_core.shell.bat': Not used on non-Windows systems
[0.281s] INFO:colcon.colcon_core.shell:Skip shell extension 'powershell' for command environment: Not usable outside of PowerShell
[0.281s] DEBUG:colcon.colcon_core.shell:Skip shell extension 'dsv' for command environment
[0.291s] DEBUG:colcon.colcon_core.event_handler.log_command:Invoking command in '/home/andux/Depth-Estimation-Algoritm-with-Stereo-Camera/build/stereo_depth_estimator': CMAKE_PREFIX_PATH=${CMAKE_PREFIX_PATH}:/opt/ros/jazzy /usr/bin/cmake --build /home/andux/Depth-Estimation-Algoritm-with-Stereo-Camera/build/stereo_depth_estimator -- -j4 -l4
[11.824s] DEBUG:colcon.colcon_core.event_handler.log_command:Invoked command in '/home/andux/Depth-Estimation-Algoritm-with-Stereo-Camera/build/stereo_depth_estimator' returned '0': CMAKE_PREFIX_PATH=${CMAKE_PREFIX_PATH}:/opt/ros/jazzy /usr/bin/cmake --build /home/andux/Depth-Estimation-Algoritm-with-Stereo-Camera/build/stereo_depth_estimator -- -j4 -l4
[11.834s] DEBUG:colcon.colcon_core.event_handler.log_command:Invoking command in '/home/andux/Depth-Estimation-Algoritm-with-Stereo-Camera/build/stereo_depth_estimator': CMAKE_PREFIX_PATH=${CMAKE_PREFIX_PATH}:/opt/ros/jazzy /usr/bin/cmake --install /home/andux/Depth-Estimation-Algoritm-with-Stereo-Camera/build/stereo_depth_estimator
[11.866s] Level 1:colcon.colcon_core.environment:create_environment_scripts_only(stereo_depth_estimator)
[11.866s] DEBUG:colcon.colcon_core.event_handler.log_command:Invoked command in '/home/andux/Depth-Estimation-Algoritm-with-Stereo-Camera/build/stereo_depth_estimator' returned '0': CMAKE_PREFIX_PATH=${CMAKE_PREFIX_PATH}:/opt/ros/jazzy /usr/bin/cmake --install /home/andux/Depth-Estimation-Algoritm-with-Stereo-Camera/build/stereo_depth_estimator
[11.868s] Level 1:colcon.colcon_core.environment:checking '/home/andux/Depth-Estimation-Algoritm-with-Stereo-Camera/install/stereo_depth_estimator' for CMake module files
[11.868s] Level 1:colcon.colcon_core.environment:checking '/home/andux/Depth-Estimation-Algoritm-with-Stereo-Camera/install/stereo_depth_estimator' for CMake config files
[11.869s] Level 1:colcon.colcon_core.shell:create_environment_hook('stereo_depth_estimator', 'cmake_prefix_path')
[11.869s] INFO:colcon.colcon_core.shell:Creating environment hook '/home/andux/Depth-Estimation-Algoritm-with-Stereo-Camera/install/stereo_depth_estimator/share/stereo_depth_estimator/hook/cmake_prefix_path.ps1'
[11.869s] INFO:colcon.colcon_core.shell:Creating environment descriptor '/home/andux/Depth-Estimation-Algoritm-with-Stereo-Camera/install/stereo_depth_estimator/share/stereo_depth_estimator/hook/cmake_prefix_path.dsv'
[11.870s] INFO:colcon.colcon_core.shell:Creating environment hook '/home/andux/Depth-Estimation-Algoritm-with-Stereo-Camera/install/stereo_depth_estimator/share/stereo_depth_estimator/hook/cmake_prefix_path.sh'
[11.870s] Level 1:colcon.colcon_core.environment:checking '/home/andux/Depth-Estimation-Algoritm-with-Stereo-Camera/install/stereo_depth_estimator/lib'
[11.871s] Level 1:colcon.colcon_core.environment:checking '/home/andux/Depth-Estimation-Algoritm-with-Stereo-Camera/install/stereo_depth_estimator/bin'
[11.871s] Level 1:colcon.colcon_core.environment:checking '/home/andux/Depth-Estimation-Algoritm-with-Stereo-Camera/install/stereo_depth_estimator/lib/pkgconfig/stereo_depth_estimator.pc'
[11.871s] Level 1:colcon.colcon_core.environment:checking '/home/andux/Depth-Estimation-Algoritm-with-Stereo-Camera/install/stereo_depth_estimator/lib/python3.12/site-packages'
[11.871s] Level 1:colcon.colcon_core.environment:checking '/home/andux/Depth-Estimation-Algoritm-with-Stereo-Camera/install/stereo_depth_estimator/bin'
[11.871s] INFO:colcon.colcon_core.shell:Creating package script '/home/andux/Depth-Estimation-Algoritm-with-Stereo-Camera/install/stereo_depth_estimator/share/stereo_depth_estimator/package.ps1'
[11.872s] INFO:colcon.colcon_core.shell:Creating package descriptor '/home/andux/Depth-Estimation-Algoritm-with-Stereo-Camera/install/stereo_depth_estimator/share/stereo_depth_estimator/package.dsv'
[11.872s] INFO:colcon.colcon_core.shell:Creating package script '/home/andux/Depth-Estimation-Algoritm-with-Stereo-Camera/install/stereo_depth_estimator/share/stereo_depth_estimator/package.sh'
[11.873s] INFO:colcon.colcon_core.shell:Creating package script '/home/andux/Depth-Estimation-Algoritm-with-Stereo-Camera/install/stereo_depth_estimator/share/stereo_depth_estimator/package.bash'
[11.873s] INFO:colcon.colcon_core.shell:Creating package script '/home/andux/Depth-Estimation-Algoritm-with-Stereo-Camera/install/stereo_depth_estimator/share/stereo_depth_estimator/package.zsh'
[11.874s] Level 1:colcon.colcon_core.environment:create_file_with_runtime_dependencies(/home/andux/Depth-Estimation-Algoritm-with-Stereo-Camera/install/stereo_depth_estimator/share/colcon-core/packages/stereo_depth_estimator)
[11.874s] Level 1:colcon.colcon_core.environment:create_environment_scripts_only(stereo_depth_estimator)
[11.874s] Level 1:colcon.colcon_core.environment:checking '/home/andux/Depth-Estimation-Algoritm-with-Stereo-Camera/install/stereo_depth_estimator' for CMake module files
[11.874s] Level 1:colcon.colcon_core.environment:checking '/home/andux/Depth-Estimation-Algoritm-with-Stereo-Camera/install/stereo_depth_estimator' for CMake config files
[11.875s] Level 1:colcon.colcon_core.shell:create_environment_hook('stereo_depth_estimator', 'cmake_prefix_path')
[11.875s] INFO:colcon.colcon_core.shell:Creating environment hook '/home/andux/Depth-Estimation-Algoritm-with-Stereo-Camera/install/stereo_depth_estimator/share/stereo_depth_estimator/hook/cmake_prefix_path.ps1'
[11.875s] INFO:colcon.colcon_core.shell:Creating environment descriptor '/home/andux/Depth-Estimation-Algoritm-with-Stereo-Camera/install/stereo_depth_estimator/share/stereo_depth_estimator/hook/cmake_prefix_path.dsv'
[11.875s] INFO:colcon.colcon_core.shell:Creating environment hook '/home/andux/Depth-Estimation-Algoritm-with-Stereo-Camera/install/stereo_depth_estimator/share/stereo_depth_estimator/hook/cmake_prefix_path.sh'
[11.876s] Level 1:colcon.colcon_core.environment:checking '/home/andux/Depth-Estimation-Algoritm-with-Stereo-Camera/install/stereo_depth_estimator/lib'
[11.876s] Level 1:colcon.colcon_core.environment:checking '/home/andux/Depth-Estimation-Algoritm-with-Stereo-Camera/install/stereo_depth_estimator/bin'
[11.876s] Level 1:colcon.colcon_core.environment:checking '/home/andux/Depth-Estimation-Algoritm-with-Stereo-Camera/install/stereo_depth_estimator/lib/pkgconfig/stereo_depth_estimator.pc'
[11.876s] Level 1:colcon.colcon_core.environment:checking '/home/andux/Depth-Estimation-Algoritm-with-Stereo-Camera/install/stereo_depth_estimator/lib/python3.12/site-packages'
[11.876s] Level 1:colcon.colcon_core.environment:checking '/home/andux/Depth-Estimation-Algoritm-with-Stereo-Camera/install/stereo_depth_estimator/bin'
[11.876s] INFO:colcon.colcon_core.shell:Creating package script '/home/andux/Depth-Estimation-Algoritm-with-Stereo-Camera/install/stereo_depth_estimator/share/stereo_depth_estimator/package.ps1'
[11.877s] INFO:colcon.colcon_core.shell:Creating package descriptor '/home/andux/Depth-Estimation-Algoritm-with-Stereo-Camera/install/stereo_depth_estimator/share/stereo_depth_estimator/package.dsv'
[11.877s] INFO:colcon.colcon_core.shell:Creating package script '/home/andux/Depth-Estimation-Algoritm-with-Stereo-Camera/install/stereo_depth_estimator/share/stereo_depth_estimator/package.sh'
[11.878s] INFO:colcon.colcon_core.shell:Creating package script '/home/andux/Depth-Estimation-Algoritm-with-Stereo-Camera/install/stereo_depth_estimator/share/stereo_depth_estimator/package.bash'
[11.879s] INFO:colcon.colcon_core.shell:Creating package script '/home/andux/Depth-Estimation-Algoritm-with-Stereo-Camera/install/stereo_depth_estimator/share/stereo_depth_estimator/package.zsh'
[11.879s] Level 1:colcon.colcon_core.environment:create_file_with_runtime_dependencies(/home/andux/Depth-Estimation-Algoritm-with-Stereo-Camera/install/stereo_depth_estimator/share/colcon-core/packages/stereo_depth_estimator)
[11.879s] DEBUG:colcon.colcon_parallel_executor.executor.parallel:closing loop
[11.880s] DEBUG:colcon.colcon_parallel_executor.executor.parallel:loop closed
[11.880s] DEBUG:colcon.colcon_parallel_executor.executor.parallel:run_until_complete finished with '0'
[11.880s] DEBUG:colcon.colcon_core.event_reactor:joining thread
[11.927s] INFO:colcon.colcon_core.plugin_system:Skipping extension 'colcon_notification.desktop_notification.notify_send': Could not find 'notify-send'
[11.927s] INFO:colcon.colcon_core.plugin_system:Skipping extension 'colcon_notification.desktop_notification.terminal_notifier': Not used on non-Darwin systems
[11.928s] INFO:colcon.colcon_core.plugin_system:Skipping extension 'colcon_notification.desktop_notification.win32': Not used on non-Windows systems
[11.928s] INFO:colcon.colcon_notification.desktop_notification:Sending desktop notification using 'notify2'
[11.928s] DEBUG:colcon.colcon_notification.desktop_notification.notify2:Failed to initialize notify2: org.freedesktop.DBus.Error.ServiceUnknown: The name org.freedesktop.Notifications was not provided by any .service files
[11.929s] DEBUG:colcon.colcon_core.event_reactor:joined thread
[11.929s] INFO:colcon.colcon_core.shell:Creating prefix script '/home/andux/Depth-Estimation-Algoritm-with-Stereo-Camera/install/local_setup.ps1'
[11.929s] INFO:colcon.colcon_core.shell:Creating prefix util module '/home/andux/Depth-Estimation-Algoritm-with-Stereo-Camera/install/_local_setup_util_ps1.py'
[11.930s] INFO:colcon.colcon_core.shell:Creating prefix chain script '/home/andux/Depth-Estimation-Algoritm-with-Stereo-Camera/install/setup.ps1'
[11.931s] INFO:colcon.colcon_core.shell:Creating prefix script '/home/andux/Depth-Estimation-Algoritm-with-Stereo-Camera/install/local_setup.sh'
[11.931s] INFO:colcon.colcon_core.shell:Creating prefix util module '/home/andux/Depth-Estimation-Algoritm-with-Stereo-Camera/install/_local_setup_util_sh.py'
[11.932s] INFO:colcon.colcon_core.shell:Creating prefix chain script '/home/andux/Depth-Estimation-Algoritm-with-Stereo-Camera/install/setup.sh'
[11.932s] INFO:colcon.colcon_core.shell:Creating prefix script '/home/andux/Depth-Estimation-Algoritm-with-Stereo-Camera/install/local_setup.bash'
[11.933s] INFO:colcon.colcon_core.shell:Creating prefix chain script '/home/andux/Depth-Estimation-Algoritm-with-Stereo-Camera/install/setup.bash'
[11.933s] INFO:colcon.colcon_core.shell:Creating prefix script '/home/andux/Depth-Estimation-Algoritm-with-Stereo-Camera/install/local_setup.zsh'
[11.934s] INFO:colcon.colcon_core.shell:Creating prefix chain script '/home/andux/Depth-Estimation-Algoritm-with-Stereo-Camera/install/setup.zsh'
