[ 50%] [32mBuilding CXX object CMakeFiles/stereo_depth_node.dir/src/stereo_depth_node.cpp.o[0m
[100%] [32m[1mLinking CXX executable stereo_depth_node[0m
[100%] Built target stereo_depth_node
-- Install configuration: ""
-- Execute custom install script
-- Symlinking: /home/andux/Depth-Estimation-Algoritm-with-Stereo-Camera/install/stereo_depth_estimator/lib/stereo_depth_estimator/stereo_depth_node
-- Up-to-date symlink: /home/andux/Depth-Estimation-Algoritm-with-Stereo-Camera/install/stereo_depth_estimator/share/ament_index/resource_index/package_run_dependencies/stereo_depth_estimator
-- Up-to-date symlink: /home/andux/Depth-Estimation-Algoritm-with-Stereo-Camera/install/stereo_depth_estimator/share/ament_index/resource_index/parent_prefix_path/stereo_depth_estimator
-- Up-to-date symlink: /home/andux/Depth-Estimation-Algoritm-with-Stereo-Camera/install/stereo_depth_estimator/share/stereo_depth_estimator/environment/ament_prefix_path.sh
-- Up-to-date symlink: /home/andux/Depth-Estimation-Algoritm-with-Stereo-Camera/install/stereo_depth_estimator/share/stereo_depth_estimator/environment/ament_prefix_path.dsv
-- Up-to-date symlink: /home/andux/Depth-Estimation-Algoritm-with-Stereo-Camera/install/stereo_depth_estimator/share/stereo_depth_estimator/environment/path.sh
-- Up-to-date symlink: /home/andux/Depth-Estimation-Algoritm-with-Stereo-Camera/install/stereo_depth_estimator/share/stereo_depth_estimator/environment/path.dsv
-- Up-to-date symlink: /home/andux/Depth-Estimation-Algoritm-with-Stereo-Camera/install/stereo_depth_estimator/share/stereo_depth_estimator/local_setup.bash
-- Up-to-date symlink: /home/andux/Depth-Estimation-Algoritm-with-Stereo-Camera/install/stereo_depth_estimator/share/stereo_depth_estimator/local_setup.sh
-- Up-to-date symlink: /home/andux/Depth-Estimation-Algoritm-with-Stereo-Camera/install/stereo_depth_estimator/share/stereo_depth_estimator/local_setup.zsh
-- Up-to-date symlink: /home/andux/Depth-Estimation-Algoritm-with-Stereo-Camera/install/stereo_depth_estimator/share/stereo_depth_estimator/local_setup.dsv
-- Symlinking: /home/andux/Depth-Estimation-Algoritm-with-Stereo-Camera/install/stereo_depth_estimator/share/stereo_depth_estimator/package.dsv
-- Up-to-date symlink: /home/andux/Depth-Estimation-Algoritm-with-Stereo-Camera/install/stereo_depth_estimator/share/ament_index/resource_index/packages/stereo_depth_estimator
-- Up-to-date symlink: /home/andux/Depth-Estimation-Algoritm-with-Stereo-Camera/install/stereo_depth_estimator/share/stereo_depth_estimator/cmake/stereo_depth_estimatorConfig.cmake
-- Up-to-date symlink: /home/andux/Depth-Estimation-Algoritm-with-Stereo-Camera/install/stereo_depth_estimator/share/stereo_depth_estimator/cmake/stereo_depth_estimatorConfig-version.cmake
-- Up-to-date symlink: /home/andux/Depth-Estimation-Algoritm-with-Stereo-Camera/install/stereo_depth_estimator/share/stereo_depth_estimator/package.xml
